#
# There is insufficient memory for the Java Runtime Environment to continue.
# Native memory allocation (malloc) failed to allocate 486016 bytes. Error detail: Chunk::new
# Possible reasons:
#   The system is out of physical RAM or swap space
#   This process is running with CompressedOops enabled, and the Java Heap may be blocking the growth of the native heap
# Possible solutions:
#   Reduce memory load on the system
#   Increase physical memory or swap space
#   Check if swap backing store is full
#   Decrease Java heap size (-Xmx/-Xms)
#   Decrease number of Java threads
#   Decrease Java thread stack sizes (-Xss)
#   Set larger code cache with -XX:ReservedCodeCacheSize=
#   JVM is running with Unscaled Compressed Oops mode in which the Java heap is
#     placed in the first 4GB address space. The Java Heap base address is the
#     maximum limit for the native heap growth. Please use -XX:HeapBaseMinAddress
#     to set the Java Heap base and to place the Java Heap above 4GB virtual address.
# This output file may be truncated or incomplete.
#
#  Out of Memory Error (arena.cpp:168), pid=1484, tid=15504
#
# JRE version: OpenJDK Runtime Environment Temurin-21.0.10+7 (21.0.10+7) (build 21.0.10+7-LTS)
# Java VM: OpenJDK 64-Bit Server VM Temurin-21.0.10+7 (21.0.10+7-LTS, mixed mode, sharing, tiered, compressed oops, compressed class ptrs, parallel gc, windows-amd64)
# No core dump will be written. Minidumps are not enabled by default on client versions of Windows
#

---------------  S U M M A R Y ------------

Command Line: --add-modules=ALL-SYSTEM --add-opens=java.base/java.util=ALL-UNNAMED --add-opens=java.base/java.lang=ALL-UNNAMED --add-opens=java.base/sun.nio.fs=ALL-UNNAMED -Declipse.application=org.eclipse.jdt.ls.core.id1 -Dosgi.bundles.defaultStartLevel=4 -Declipse.product=org.eclipse.jdt.ls.core.product -Djava.import.generatesMetadataFilesAtProjectRoot=false -DDetectVMInstallationsJob.disabled=true -Dfile.encoding=utf8 -XX:+UseParallelGC -XX:GCTimeRatio=4 -XX:AdaptiveSizePolicyWeight=90 -Dsun.zip.disableMemoryMapping=true -Xmx2G -Xms100m -Xlog:disable -javaagent:c:\Users\bianc\.vscode\extensions\redhat.java-1.53.0-win32-x64\lombok\lombok-1.18.39-4050.jar -XX:+HeapDumpOnOutOfMemoryError -XX:HeapDumpPath=c:\Users\bianc\AppData\Roaming\Code\User\workspaceStorage\9a8ce8f87924501635f126b5aa5fb675\redhat.java -Daether.dependencyCollector.impl=bf c:\Users\bianc\.vscode\extensions\redhat.java-1.53.0-win32-x64\server\plugins\org.eclipse.equinox.launcher_1.7.100.v20251111-0406.jar -configuration c:\Users\bianc\AppData\Roaming\Code\User\globalStorage\redhat.java\1.53.0\config_win -data c:\Users\bianc\AppData\Roaming\Code\User\workspaceStorage\9a8ce8f87924501635f126b5aa5fb675\redhat.java\jdt_ws --pipe=\\.\pipe\lsp-5756ed6a7cdb5257c88579941570c05a-sock

Host: 12th Gen Intel(R) Core(TM) i5-12500H, 16 cores, 15G,  Windows 11 , 64 bit Build 26100 (10.0.26100.7019)
Time: Fri Feb 27 15:26:50 2026 Hora oficial do Brasil elapsed time: 13323.370688 seconds (0d 3h 42m 3s)

---------------  T H R E A D  ---------------

Current thread (0x000001f87beaded0):  JavaThread "C2 CompilerThread0" daemon [_thread_in_native, id=15504, stack(0x0000003f47600000,0x0000003f47700000) (1024K)]


Current CompileTask:
C2:13323370 10952       4       org.eclipse.osgi.internal.serviceregistry.ServiceRegistry::notifyHooksPrivileged (57 bytes)

Stack: [0x0000003f47600000,0x0000003f47700000]
Native frames: (J=compiled Java code, j=interpreted, Vv=VM code, C=native code)
V  [jvm.dll+0x6d7a39]
V  [jvm.dll+0x8b4b26]
V  [jvm.dll+0x8b70de]
V  [jvm.dll+0x8b77c3]
V  [jvm.dll+0x284346]
V  [jvm.dll+0xc66ed]
V  [jvm.dll+0xc6c31]
V  [jvm.dll+0x2fb29e]
V  [jvm.dll+0x5fe884]
V  [jvm.dll+0x255b17]
V  [jvm.dll+0x24e12a]
V  [jvm.dll+0x24ba42]
V  [jvm.dll+0x1cb34e]
V  [jvm.dll+0x25b85d]
V  [jvm.dll+0x259dea]
V  [jvm.dll+0x3f857e]
V  [jvm.dll+0x85f59d]
V  [jvm.dll+0x6d626d]
C  [ucrtbase.dll+0x37b0]
C  [KERNEL32.DLL+0x2e8d7]
C  [ntdll.dll+0x8c53c]


---------------  P R O C E S S  ---------------

Threads class SMR info:
_java_thread_list=0x000001f846e04a00, length=51, elements={
0x000001f862033790, 0x000001f87a7cc7c0, 0x000001f87a7ce940, 0x000001f87be88200,
0x000001f87be8ca60, 0x000001f87be94420, 0x000001f87be91cc0, 0x000001f87beaded0,
0x000001f87bed0520, 0x000001f87be92350, 0x000001f87be93700, 0x000001f87be93d90,
0x000001f87df94700, 0x000001f87df93350, 0x000001f87df988a0, 0x000001f87df995c0,
0x000001f87df98f30, 0x000001f87df99c50, 0x000001f87df974f0, 0x000001f87df97b80,
0x000001f87df9a2e0, 0x000001f87df96e60, 0x000001f87df9a970, 0x000001f87df98210,
0x000001f845d03040, 0x000001f845d01600, 0x000001f845d03d60, 0x000001f845d01c90,
0x000001f845d02320, 0x000001f845d043f0, 0x000001f845d029b0, 0x000001f845d00f70,
0x000001f845d04a80, 0x000001f845d07870, 0x000001f845d06b50, 0x000001f848ea4900,
0x000001f848ea1480, 0x000001f848ea4f90, 0x000001f848ea1b10, 0x000001f848ea8410,
0x000001f848ea7d80, 0x000001f848ea5620, 0x000001f848ea6340, 0x000001f848ea5cb0,
0x000001f848ea7060, 0x000001f845d07f00, 0x000001f848ea2ec0, 0x000001f848ea69d0,
0x000001f848ea3550, 0x000001f84869b9d0, 0x000001f84869c0a0
}

Java Threads: ( => current thread )
  0x000001f862033790 JavaThread "main"                              [_thread_blocked, id=19340, stack(0x0000003f46c00000,0x0000003f46d00000) (1024K)]
  0x000001f87a7cc7c0 JavaThread "Reference Handler"          daemon [_thread_blocked, id=30312, stack(0x0000003f47000000,0x0000003f47100000) (1024K)]
  0x000001f87a7ce940 JavaThread "Finalizer"                  daemon [_thread_blocked, id=18408, stack(0x0000003f47100000,0x0000003f47200000) (1024K)]
  0x000001f87be88200 JavaThread "Signal Dispatcher"          daemon [_thread_blocked, id=27880, stack(0x0000003f47200000,0x0000003f47300000) (1024K)]
  0x000001f87be8ca60 JavaThread "Attach Listener"            daemon [_thread_blocked, id=26664, stack(0x0000003f47300000,0x0000003f47400000) (1024K)]
  0x000001f87be94420 JavaThread "Service Thread"             daemon [_thread_blocked, id=31508, stack(0x0000003f47400000,0x0000003f47500000) (1024K)]
  0x000001f87be91cc0 JavaThread "Monitor Deflation Thread"   daemon [_thread_blocked, id=8700, stack(0x0000003f47500000,0x0000003f47600000) (1024K)]
=>0x000001f87beaded0 JavaThread "C2 CompilerThread0"         daemon [_thread_in_native, id=15504, stack(0x0000003f47600000,0x0000003f47700000) (1024K)]
  0x000001f87bed0520 JavaThread "C1 CompilerThread0"         daemon [_thread_blocked, id=30248, stack(0x0000003f47700000,0x0000003f47800000) (1024K)]
  0x000001f87be92350 JavaThread "Common-Cleaner"             daemon [_thread_blocked, id=31596, stack(0x0000003f47a00000,0x0000003f47b00000) (1024K)]
  0x000001f87be93700 JavaThread "Notification Thread"        daemon [_thread_blocked, id=30988, stack(0x0000003f47b00000,0x0000003f47c00000) (1024K)]
  0x000001f87be93d90 Thread "Unknown thread"                        [id=26180, stack(0x0000003f48a00000,0x0000003f48b00000) (1024K)]
  0x000001f87df94700 JavaThread "JNA Cleaner"                daemon [_thread_blocked, id=29664, stack(0x0000003f49300000,0x0000003f49400000) (1024K)]
  0x000001f87df93350 JavaThread "Thread-1"                   daemon [_thread_in_native, id=25712, stack(0x0000003f49a00000,0x0000003f49b00000) (1024K)]
  0x000001f87df988a0 JavaThread "Thread-2"                   daemon [_thread_in_native, id=8412, stack(0x0000003f49b00000,0x0000003f49c00000) (1024K)]
  0x000001f87df995c0 JavaThread "Thread-3"                   daemon [_thread_in_native, id=22112, stack(0x0000003f49c00000,0x0000003f49d00000) (1024K)]
  0x000001f87df98f30 JavaThread "Thread-4"                   daemon [_thread_in_native, id=19348, stack(0x0000003f49d00000,0x0000003f49e00000) (1024K)]
  0x000001f87df99c50 JavaThread "Thread-5"                   daemon [_thread_in_native, id=31324, stack(0x0000003f49e00000,0x0000003f49f00000) (1024K)]
  0x000001f87df974f0 JavaThread "Thread-6"                   daemon [_thread_in_native, id=30428, stack(0x0000003f49f00000,0x0000003f4a000000) (1024K)]
  0x000001f87df97b80 JavaThread "Thread-7"                   daemon [_thread_in_native, id=25988, stack(0x0000003f4a000000,0x0000003f4a100000) (1024K)]
  0x000001f87df9a2e0 JavaThread "Thread-8"                   daemon [_thread_in_native, id=22792, stack(0x0000003f4a100000,0x0000003f4a200000) (1024K)]
  0x000001f87df96e60 JavaThread "Thread-9"                   daemon [_thread_in_native, id=28176, stack(0x0000003f4a200000,0x0000003f4a300000) (1024K)]
  0x000001f87df9a970 JavaThread "Thread-10"                  daemon [_thread_in_native, id=19436, stack(0x0000003f4a300000,0x0000003f4a400000) (1024K)]
  0x000001f87df98210 JavaThread "Thread-11"                  daemon [_thread_in_native, id=27316, stack(0x0000003f4a400000,0x0000003f4a500000) (1024K)]
  0x000001f845d03040 JavaThread "Thread-12"                  daemon [_thread_in_native, id=29288, stack(0x0000003f4a500000,0x0000003f4a600000) (1024K)]
  0x000001f845d01600 JavaThread "Thread-13"                  daemon [_thread_in_native, id=1880, stack(0x0000003f4a600000,0x0000003f4a700000) (1024K)]
  0x000001f845d03d60 JavaThread "Thread-14"                  daemon [_thread_in_native, id=22072, stack(0x0000003f4a700000,0x0000003f4a800000) (1024K)]
  0x000001f845d01c90 JavaThread "Thread-15"                  daemon [_thread_in_native, id=19408, stack(0x0000003f4a800000,0x0000003f4a900000) (1024K)]
  0x000001f845d02320 JavaThread "Thread-16"                  daemon [_thread_in_native, id=7212, stack(0x0000003f4a900000,0x0000003f4aa00000) (1024K)]
  0x000001f845d043f0 JavaThread "Thread-17"                  daemon [_thread_in_native, id=5248, stack(0x0000003f4aa00000,0x0000003f4ab00000) (1024K)]
  0x000001f845d029b0 JavaThread "pool-2-thread-1"                   [_thread_blocked, id=23288, stack(0x0000003f4ab00000,0x0000003f4ac00000) (1024K)]
  0x000001f845d00f70 JavaThread "Timer-0"                           [_thread_blocked, id=5164, stack(0x0000003f4af00000,0x0000003f4b000000) (1024K)]
  0x000001f845d04a80 JavaThread "Timer-1"                           [_thread_blocked, id=29248, stack(0x0000003f4b100000,0x0000003f4b200000) (1024K)]
  0x000001f845d07870 JavaThread "WorkspaceEventsHandler"            [_thread_blocked, id=26296, stack(0x0000003f4b800000,0x0000003f4b900000) (1024K)]
  0x000001f845d06b50 JavaThread "pool-1-thread-1"                   [_thread_blocked, id=8040, stack(0x0000003f4b900000,0x0000003f4ba00000) (1024K)]
  0x000001f848ea4900 JavaThread "Timer-2"                           [_thread_blocked, id=10208, stack(0x0000003f4b600000,0x0000003f4b700000) (1024K)]
  0x000001f848ea1480 JavaThread "Timer-3"                           [_thread_blocked, id=25180, stack(0x0000003f4b700000,0x0000003f4b800000) (1024K)]
  0x000001f848ea4f90 JavaThread "Timer-4"                           [_thread_blocked, id=25292, stack(0x0000003f4ad00000,0x0000003f4ae00000) (1024K)]
  0x000001f848ea1b10 JavaThread "Timer-5"                           [_thread_blocked, id=4276, stack(0x0000003f4ae00000,0x0000003f4af00000) (1024K)]
  0x000001f848ea8410 JavaThread "Timer-6"                           [_thread_blocked, id=25924, stack(0x0000003f4b500000,0x0000003f4b600000) (1024K)]
  0x000001f848ea7d80 JavaThread "Timer-7"                           [_thread_blocked, id=24300, stack(0x0000003f4c100000,0x0000003f4c200000) (1024K)]
  0x000001f848ea5620 JavaThread "Timer-8"                           [_thread_blocked, id=24164, stack(0x0000003f4c200000,0x0000003f4c300000) (1024K)]
  0x000001f848ea6340 JavaThread "Timer-9"                           [_thread_blocked, id=29592, stack(0x0000003f4c500000,0x0000003f4c600000) (1024K)]
  0x000001f848ea5cb0 JavaThread "Timer-10"                          [_thread_blocked, id=25468, stack(0x0000003f4c400000,0x0000003f4c500000) (1024K)]
  0x000001f848ea7060 JavaThread "Timer-11"                          [_thread_blocked, id=5040, stack(0x0000003f4c600000,0x0000003f4c700000) (1024K)]
  0x000001f845d07f00 JavaThread "Timer-12"                          [_thread_blocked, id=17264, stack(0x0000003f4c700000,0x0000003f4c800000) (1024K)]
  0x000001f848ea2ec0 JavaThread "ForkJoinPool.commonPool-worker-3" daemon [_thread_blocked, id=28712, stack(0x0000003f46900000,0x0000003f46a00000) (1024K)]
  0x000001f848ea69d0 JavaThread "pool-7-thread-1"                   [_thread_blocked, id=15380, stack(0x0000003f46b00000,0x0000003f46c00000) (1024K)]
  0x000001f848ea3550 JavaThread "Framework stop - Equinox Container: bfe03623-7dc8-470f-87cb-f57f43379408"        [_thread_in_native, id=26060, stack(0x0000003f47800000,0x0000003f47900000) (1024K)]
  0x000001f84869b9d0 JavaThread "C2 CompilerThread1"         daemon [_thread_blocked, id=7464, stack(0x0000003f46a00000,0x0000003f46b00000) (1024K)]
  0x000001f84869c0a0 JavaThread "C1 CompilerThread1"         daemon [_thread_in_vm, id=20684, stack(0x0000003f47900000,0x0000003f47a00000) (1024K)]
Total: 51

Other Threads:
  0x000001f8620eeb10 VMThread "VM Thread"                           [id=31512, stack(0x0000003f46f00000,0x0000003f47000000) (1024K)]
  0x000001f87a6aca00 WatcherThread "VM Periodic Task Thread"        [id=20572, stack(0x0000003f46e00000,0x0000003f46f00000) (1024K)]
  0x000001f862051f20 WorkerThread "GC Thread#0"                     [id=16164, stack(0x0000003f46d00000,0x0000003f46e00000) (1024K)]
  0x000001f87d5e7700 WorkerThread "GC Thread#1"                     [id=25920, stack(0x0000003f47d00000,0x0000003f47e00000) (1024K)]
  0x000001f87d5e7ab0 WorkerThread "GC Thread#2"                     [id=10580, stack(0x0000003f47e00000,0x0000003f47f00000) (1024K)]
  0x000001f87d5e6bf0 WorkerThread "GC Thread#3"                     [id=992, stack(0x0000003f47f00000,0x0000003f48000000) (1024K)]
  0x000001f87d5e7350 WorkerThread "GC Thread#4"                     [id=28648, stack(0x0000003f48000000,0x0000003f48100000) (1024K)]
  0x000001f87d5e7e60 WorkerThread "GC Thread#5"                     [id=28164, stack(0x0000003f48100000,0x0000003f48200000) (1024K)]
  0x000001f87d5e6490 WorkerThread "GC Thread#6"                     [id=13356, stack(0x0000003f48200000,0x0000003f48300000) (1024K)]
  0x000001f87e017500 WorkerThread "GC Thread#7"                     [id=18280, stack(0x0000003f48700000,0x0000003f48800000) (1024K)]
  0x000001f87e017c60 WorkerThread "GC Thread#8"                     [id=28356, stack(0x0000003f48b00000,0x0000003f48c00000) (1024K)]
  0x000001f87e017150 WorkerThread "GC Thread#9"                     [id=15084, stack(0x0000003f48c00000,0x0000003f48d00000) (1024K)]
  0x000001f87e018010 WorkerThread "GC Thread#10"                    [id=19600, stack(0x0000003f48d00000,0x0000003f48e00000) (1024K)]
  0x000001f87e016da0 WorkerThread "GC Thread#11"                    [id=30940, stack(0x0000003f49100000,0x0000003f49200000) (1024K)]
  0x000001f87e018770 WorkerThread "GC Thread#12"                    [id=7240, stack(0x0000003f49200000,0x0000003f49300000) (1024K)]
Total: 15

Threads with active compile tasks:
C2 CompilerThread0  13323398 10952       4       org.eclipse.osgi.internal.serviceregistry.ServiceRegistry::notifyHooksPrivileged (57 bytes)
C1 CompilerThread0  13323398 10998       3       org.eclipse.osgi.internal.framework.EquinoxContainerAdaptor::invalidateWiring (187 bytes)
C1 CompilerThread1  13323398 10997       3       org.eclipse.osgi.container.ModuleWiring::invalidate0 (52 bytes)
Total: 3

VM state: not at safepoint (normal execution)

VM Mutex/Monitor currently owned by a thread:  ([mutex/lock_event])
[0x00007ffddea0d060] MethodCompileQueue_lock - owner thread: 0x000001f84869c0a0
[0x00007ffddea0e460] CodeCache_lock - owner thread: 0x000001f84869c0a0
[0x00007ffddea0e5e0] Compile_lock - owner thread: 0x000001f87bed0520

Heap address: 0x0000000080000000, size: 2048 MB, Compressed Oops mode: 32-bit

CDS archive(s) mapped at: [0x000001f800000000-0x000001f800ba0000-0x000001f800ba0000), size 12189696, SharedBaseAddress: 0x000001f800000000, ArchiveRelocationMode: 1.
Compressed class space mapped at: 0x000001f801000000-0x000001f841000000, reserved size: 1073741824
Narrow klass base: 0x000001f800000000, Narrow klass shift: 0, Narrow klass range: 0x100000000

GC Precious Log:
 CardTable entry size: 512
 CPUs: 16 total, 16 available
 Memory: 16068M
 Large Page Support: Disabled
 NUMA Support: Disabled
 Compressed Oops: Enabled (32-bit)
 Alignments: Space 512K, Generation 512K, Heap 2M
 Heap Min Capacity: 100M
 Heap Initial Capacity: 100M
 Heap Max Capacity: 2G
 Pre-touch: Disabled
 Parallel Workers: 13

Heap:
 PSYoungGen      total 22016K, used 11806K [0x00000000d5580000, 0x00000000d6d80000, 0x0000000100000000)
  eden space 20992K, 53% used [0x00000000d5580000,0x00000000d606fae8,0x00000000d6a00000)
  from space 1024K, 59% used [0x00000000d6b00000,0x00000000d6b98000,0x00000000d6c00000)
  to   space 1024K, 0% used [0x00000000d6c80000,0x00000000d6c80000,0x00000000d6d80000)
 ParOldGen       total 71168K, used 70657K [0x0000000080000000, 0x0000000084580000, 0x00000000d5580000)
  object space 71168K, 99% used [0x0000000080000000,0x00000000845004b0,0x0000000084580000)
 Metaspace       used 78547K, committed 80192K, reserved 1179648K
  class space    used 9585K, committed 10304K, reserved 1048576K

Card table byte_map: [0x000001f875b10000,0x000001f875f20000] _byte_map_base: 0x000001f875710000

Marking Bits: (ParMarkBitMap*) 0x00007ffddea13450
 Begin Bits: [0x000001f8761d0000, 0x000001f8781d0000)
 End Bits:   [0x000001f8781d0000, 0x000001f87a1d0000)

Polling page: 0x000001f861d00000

Metaspace:

Usage:
  Non-class:     67.35 MB used.
      Class:      9.36 MB used.
       Both:     76.71 MB used.

Virtual space:
  Non-class space:      128.00 MB reserved,      68.25 MB ( 53%) committed,  2 nodes.
      Class space:        1.00 GB reserved,      10.06 MB ( <1%) committed,  1 nodes.
             Both:        1.12 GB reserved,      78.31 MB (  7%) committed. 

Chunk freelists:
   Non-Class:  11.03 MB
       Class:  5.93 MB
        Both:  16.96 MB

MaxMetaspaceSize: unlimited
CompressedClassSpaceSize: 1.00 GB
Initial GC threshold: 21.00 MB
Current GC threshold: 97.31 MB
CDS: on
 - commit_granule_bytes: 65536.
 - commit_granule_words: 8192.
 - virtual_space_node_default_size: 8388608.
 - enlarge_chunks_in_place: 1.
 - use_allocation_guard: 0.


Internal statistics:

num_allocs_failed_limit: 9.
num_arena_births: 1338.
num_arena_deaths: 14.
num_vsnodes_births: 3.
num_vsnodes_deaths: 0.
num_space_committed: 1253.
num_space_uncommitted: 0.
num_chunks_returned_to_freelist: 23.
num_chunks_taken_from_freelist: 4889.
num_chunk_merges: 15.
num_chunk_splits: 2977.
num_chunks_enlarged: 1648.
num_inconsistent_stats: 0.

CodeHeap 'non-profiled nmethods': size=119168Kb used=8284Kb max_used=8284Kb free=110883Kb
 bounds [0x000001f86e4d0000, 0x000001f86ecf0000, 0x000001f875930000]
CodeHeap 'profiled nmethods': size=119104Kb used=22192Kb max_used=22192Kb free=96911Kb
 bounds [0x000001f866930000, 0x000001f867ee0000, 0x000001f86dd80000]
CodeHeap 'non-nmethods': size=7488Kb used=2025Kb max_used=3200Kb free=5462Kb
 bounds [0x000001f86dd80000, 0x000001f86e0b0000, 0x000001f86e4d0000]
CodeCache: size=245760Kb, used=32501Kb, max_used=33676Kb, free=213256Kb
 total_blobs=11015, nmethods=10236, adapters=684, full_count=0
Compilation: enabled, stopped_count=0, restarted_count=0

Compilation events (20 events):
Event: 13321.346 Thread 0x000001f87bed0520 10967   !   3       org.eclipse.osgi.internal.serviceregistry.ServiceUse::lock (109 bytes)
Event: 13321.347 Thread 0x000001f87bed0520 nmethod 10967 0x000001f867eb0710 code [0x000001f867eb0980, 0x000001f867eb15a0]
Event: 13321.347 Thread 0x000001f87bed0520 10968       3       org.eclipse.osgi.internal.serviceregistry.ServiceUse$ServiceUseLock::close (5 bytes)
Event: 13321.347 Thread 0x000001f87bed0520 nmethod 10968 0x000001f867eb1b10 code [0x000001f867eb1ce0, 0x000001f867eb2090]
Event: 13321.347 Thread 0x000001f87bed0520 10969   !   3       org.eclipse.osgi.internal.serviceregistry.ServiceRegistrationImpl::isUnregistered (26 bytes)
Event: 13321.347 Thread 0x000001f87bed0520 nmethod 10969 0x000001f867eb2210 code [0x000001f867eb23c0, 0x000001f867eb2610]
Event: 13321.355 Thread 0x000001f87bed0520 10971   !   3       org.osgi.util.tracker.AbstractTracked::untrack (78 bytes)
Event: 13321.356 Thread 0x000001f87bed0520 nmethod 10971 0x000001f867eb2710 code [0x000001f867eb2940, 0x000001f867eb3120]
Event: 13321.356 Thread 0x000001f87bed0520 10972   !   3       org.eclipse.osgi.internal.framework.EquinoxBundle::adapt0 (939 bytes)
Event: 13321.366 Thread 0x000001f87bed0520 nmethod 10972 0x000001f867eb3390 code [0x000001f867eb4280, 0x000001f867ebdf98]
Event: 13321.367 Thread 0x000001f87bed0520 10981       3       aQute.bnd.header.OSGiHeader::parseHeader (532 bytes)
Event: 13321.367 Thread 0x000001f84869b9d0 10966   !   4       org.eclipse.osgi.internal.framework.BundleContextImpl::dispatchEvent (577 bytes)
Event: 13321.367 Thread 0x000001f84869c0a0 10973       3       java.util.LinkedHashMap::<init> (15 bytes)
Event: 13321.367 Thread 0x000001f84869c0a0 nmethod 10973 0x000001f867ec1b90 code [0x000001f867ec1d40, 0x000001f867ec1f78]
Event: 13321.367 Thread 0x000001f84869c0a0 10974       3       org.apache.aries.spifly.ConsumerHeaderProcessor::findRequirement (135 bytes)
Event: 13321.368 Thread 0x000001f84869c0a0 nmethod 10974 0x000001f867ec2090 code [0x000001f867ec2400, 0x000001f867ec38c0]
Event: 13321.368 Thread 0x000001f84869c0a0 10982       3       java.util.ArrayList$ListItr::hasPrevious (13 bytes)
Event: 13321.368 Thread 0x000001f84869c0a0 nmethod 10982 0x000001f867ec3f10 code [0x000001f867ec40a0, 0x000001f867ec4200]
Event: 13321.368 Thread 0x000001f84869c0a0 10983       3       java.util.ArrayList$ListItr::previous (59 bytes)
Event: 13323.368 Thread 0x000001f84869c0a0 nmethod 10983 0x000001f867ec4290 code [0x000001f867ec4480, 0x000001f867ec4940]

GC Heap History (20 events):
Event: 6885.057 GC heap before
{Heap before GC invocations=53 (full 3):
 PSYoungGen      total 23040K, used 23008K [0x00000000d5580000, 0x00000000d7180000, 0x0000000100000000)
  eden space 22016K, 100% used [0x00000000d5580000,0x00000000d6b00000,0x00000000d6b00000)
  from space 1024K, 96% used [0x00000000d7000000,0x00000000d70f8030,0x00000000d7100000)
  to   space 512K, 0% used [0x00000000d7100000,0x00000000d7100000,0x00000000d7180000)
 ParOldGen       total 68608K, used 54157K [0x0000000080000000, 0x0000000084300000, 0x00000000d5580000)
  object space 68608K, 78% used [0x0000000080000000,0x00000000834e3738,0x0000000084300000)
 Metaspace       used 72309K, committed 73856K, reserved 1114112K
  class space    used 8996K, committed 9664K, reserved 1048576K
}
Event: 6885.060 GC heap after
{Heap after GC invocations=53 (full 3):
 PSYoungGen      total 22528K, used 480K [0x00000000d5580000, 0x00000000d7200000, 0x0000000100000000)
  eden space 22016K, 0% used [0x00000000d5580000,0x00000000d5580000,0x00000000d6b00000)
  from space 512K, 93% used [0x00000000d7100000,0x00000000d7178010,0x00000000d7180000)
  to   space 3584K, 0% used [0x00000000d6b00000,0x00000000d6b00000,0x00000000d6e80000)
 ParOldGen       total 68608K, used 56847K [0x0000000080000000, 0x0000000084300000, 0x00000000d5580000)
  object space 68608K, 82% used [0x0000000080000000,0x0000000083783f78,0x0000000084300000)
 Metaspace       used 72309K, committed 73856K, reserved 1114112K
  class space    used 8996K, committed 9664K, reserved 1048576K
}
Event: 6885.108 GC heap before
{Heap before GC invocations=54 (full 3):
 PSYoungGen      total 22528K, used 22496K [0x00000000d5580000, 0x00000000d7200000, 0x0000000100000000)
  eden space 22016K, 100% used [0x00000000d5580000,0x00000000d6b00000,0x00000000d6b00000)
  from space 512K, 93% used [0x00000000d7100000,0x00000000d7178010,0x00000000d7180000)
  to   space 3584K, 0% used [0x00000000d6b00000,0x00000000d6b00000,0x00000000d6e80000)
 ParOldGen       total 68608K, used 56847K [0x0000000080000000, 0x0000000084300000, 0x00000000d5580000)
  object space 68608K, 82% used [0x0000000080000000,0x0000000083783f78,0x0000000084300000)
 Metaspace       used 72319K, committed 73856K, reserved 1114112K
  class space    used 8996K, committed 9664K, reserved 1048576K
}
Event: 6885.112 GC heap after
{Heap after GC invocations=54 (full 3):
 PSYoungGen      total 25600K, used 2272K [0x00000000d5580000, 0x00000000d7180000, 0x0000000100000000)
  eden space 22016K, 0% used [0x00000000d5580000,0x00000000d5580000,0x00000000d6b00000)
  from space 3584K, 63% used [0x00000000d6b00000,0x00000000d6d38010,0x00000000d6e80000)
  to   space 3072K, 0% used [0x00000000d6e80000,0x00000000d6e80000,0x00000000d7180000)
 ParOldGen       total 68608K, used 57324K [0x0000000080000000, 0x0000000084300000, 0x00000000d5580000)
  object space 68608K, 83% used [0x0000000080000000,0x00000000837fb0a0,0x0000000084300000)
 Metaspace       used 72319K, committed 73856K, reserved 1114112K
  class space    used 8996K, committed 9664K, reserved 1048576K
}
Event: 6885.205 GC heap before
{Heap before GC invocations=55 (full 3):
 PSYoungGen      total 25600K, used 24288K [0x00000000d5580000, 0x00000000d7180000, 0x0000000100000000)
  eden space 22016K, 100% used [0x00000000d5580000,0x00000000d6b00000,0x00000000d6b00000)
  from space 3584K, 63% used [0x00000000d6b00000,0x00000000d6d38010,0x00000000d6e80000)
  to   space 3072K, 0% used [0x00000000d6e80000,0x00000000d6e80000,0x00000000d7180000)
 ParOldGen       total 68608K, used 57324K [0x0000000080000000, 0x0000000084300000, 0x00000000d5580000)
  object space 68608K, 83% used [0x0000000080000000,0x00000000837fb0a0,0x0000000084300000)
 Metaspace       used 72334K, committed 73856K, reserved 1114112K
  class space    used 8996K, committed 9664K, reserved 1048576K
}
Event: 6885.209 GC heap after
{Heap after GC invocations=55 (full 3):
 PSYoungGen      total 24576K, used 2372K [0x00000000d5580000, 0x00000000d7100000, 0x0000000100000000)
  eden space 22016K, 0% used [0x00000000d5580000,0x00000000d5580000,0x00000000d6b00000)
  from space 2560K, 92% used [0x00000000d6e80000,0x00000000d70d1000,0x00000000d7100000)
  to   space 2560K, 0% used [0x00000000d6c00000,0x00000000d6c00000,0x00000000d6e80000)
 ParOldGen       total 68608K, used 59364K [0x0000000080000000, 0x0000000084300000, 0x00000000d5580000)
  object space 68608K, 86% used [0x0000000080000000,0x00000000839f90b0,0x0000000084300000)
 Metaspace       used 72334K, committed 73856K, reserved 1114112K
  class space    used 8996K, committed 9664K, reserved 1048576K
}
Event: 6885.265 GC heap before
{Heap before GC invocations=56 (full 3):
 PSYoungGen      total 24576K, used 24388K [0x00000000d5580000, 0x00000000d7100000, 0x0000000100000000)
  eden space 22016K, 100% used [0x00000000d5580000,0x00000000d6b00000,0x00000000d6b00000)
  from space 2560K, 92% used [0x00000000d6e80000,0x00000000d70d1000,0x00000000d7100000)
  to   space 2560K, 0% used [0x00000000d6c00000,0x00000000d6c00000,0x00000000d6e80000)
 ParOldGen       total 68608K, used 59364K [0x0000000080000000, 0x0000000084300000, 0x00000000d5580000)
  object space 68608K, 86% used [0x0000000080000000,0x00000000839f90b0,0x0000000084300000)
 Metaspace       used 72338K, committed 73856K, reserved 1114112K
  class space    used 8996K, committed 9664K, reserved 1048576K
}
Event: 6885.269 GC heap after
{Heap after GC invocations=56 (full 3):
 PSYoungGen      total 24576K, used 2304K [0x00000000d5580000, 0x00000000d7000000, 0x0000000100000000)
  eden space 22016K, 0% used [0x00000000d5580000,0x00000000d5580000,0x00000000d6b00000)
  from space 2560K, 90% used [0x00000000d6c00000,0x00000000d6e40010,0x00000000d6e80000)
  to   space 1536K, 0% used [0x00000000d6e80000,0x00000000d6e80000,0x00000000d7000000)
 ParOldGen       total 68608K, used 61568K [0x0000000080000000, 0x0000000084300000, 0x00000000d5580000)
  object space 68608K, 89% used [0x0000000080000000,0x0000000083c20088,0x0000000084300000)
 Metaspace       used 72338K, committed 73856K, reserved 1114112K
  class space    used 8996K, committed 9664K, reserved 1048576K
}
Event: 6885.438 GC heap before
{Heap before GC invocations=57 (full 3):
 PSYoungGen      total 24576K, used 24320K [0x00000000d5580000, 0x00000000d7000000, 0x0000000100000000)
  eden space 22016K, 100% used [0x00000000d5580000,0x00000000d6b00000,0x00000000d6b00000)
  from space 2560K, 90% used [0x00000000d6c00000,0x00000000d6e40010,0x00000000d6e80000)
  to   space 1536K, 0% used [0x00000000d6e80000,0x00000000d6e80000,0x00000000d7000000)
 ParOldGen       total 68608K, used 61568K [0x0000000080000000, 0x0000000084300000, 0x00000000d5580000)
  object space 68608K, 89% used [0x0000000080000000,0x0000000083c20088,0x0000000084300000)
 Metaspace       used 72391K, committed 73920K, reserved 1114112K
  class space    used 8998K, committed 9664K, reserved 1048576K
}
Event: 6885.441 GC heap after
{Heap after GC invocations=57 (full 3):
 PSYoungGen      total 22528K, used 1536K [0x00000000d5580000, 0x00000000d7400000, 0x0000000100000000)
  eden space 20992K, 0% used [0x00000000d5580000,0x00000000d5580000,0x00000000d6a00000)
  from space 1536K, 100% used [0x00000000d6e80000,0x00000000d7000000,0x00000000d7000000)
  to   space 4608K, 0% used [0x00000000d6a00000,0x00000000d6a00000,0x00000000d6e80000)
 ParOldGen       total 68608K, used 63952K [0x0000000080000000, 0x0000000084300000, 0x00000000d5580000)
  object space 68608K, 93% used [0x0000000080000000,0x0000000083e74298,0x0000000084300000)
 Metaspace       used 72391K, committed 73920K, reserved 1114112K
  class space    used 8998K, committed 9664K, reserved 1048576K
}
Event: 6885.649 GC heap before
{Heap before GC invocations=58 (full 3):
 PSYoungGen      total 22528K, used 22528K [0x00000000d5580000, 0x00000000d7400000, 0x0000000100000000)
  eden space 20992K, 100% used [0x00000000d5580000,0x00000000d6a00000,0x00000000d6a00000)
  from space 1536K, 100% used [0x00000000d6e80000,0x00000000d7000000,0x00000000d7000000)
  to   space 4608K, 0% used [0x00000000d6a00000,0x00000000d6a00000,0x00000000d6e80000)
 ParOldGen       total 68608K, used 63952K [0x0000000080000000, 0x0000000084300000, 0x00000000d5580000)
  object space 68608K, 93% used [0x0000000080000000,0x0000000083e74298,0x0000000084300000)
 Metaspace       used 73075K, committed 74560K, reserved 1179648K
  class space    used 9045K, committed 9664K, reserved 1048576K
}
Event: 6885.653 GC heap after
{Heap after GC invocations=58 (full 3):
 PSYoungGen      total 24576K, used 3545K [0x00000000d5580000, 0x00000000d7200000, 0x0000000100000000)
  eden space 20992K, 0% used [0x00000000d5580000,0x00000000d5580000,0x00000000d6a00000)
  from space 3584K, 98% used [0x00000000d6a00000,0x00000000d6d76620,0x00000000d6d80000)
  to   space 4096K, 0% used [0x00000000d6e00000,0x00000000d6e00000,0x00000000d7200000)
 ParOldGen       total 68608K, used 65536K [0x0000000080000000, 0x0000000084300000, 0x00000000d5580000)
  object space 68608K, 95% used [0x0000000080000000,0x0000000084000298,0x0000000084300000)
 Metaspace       used 73075K, committed 74560K, reserved 1179648K
  class space    used 9045K, committed 9664K, reserved 1048576K
}
Event: 6886.284 GC heap before
{Heap before GC invocations=59 (full 3):
 PSYoungGen      total 24576K, used 24537K [0x00000000d5580000, 0x00000000d7200000, 0x0000000100000000)
  eden space 20992K, 100% used [0x00000000d5580000,0x00000000d6a00000,0x00000000d6a00000)
  from space 3584K, 98% used [0x00000000d6a00000,0x00000000d6d76620,0x00000000d6d80000)
  to   space 4096K, 0% used [0x00000000d6e00000,0x00000000d6e00000,0x00000000d7200000)
 ParOldGen       total 68608K, used 65536K [0x0000000080000000, 0x0000000084300000, 0x00000000d5580000)
  object space 68608K, 95% used [0x0000000080000000,0x0000000084000298,0x0000000084300000)
 Metaspace       used 74801K, committed 76224K, reserved 1179648K
  class space    used 9244K, committed 9856K, reserved 1048576K
}
Event: 6886.288 GC heap after
{Heap after GC invocations=59 (full 3):
 PSYoungGen      total 24064K, used 2569K [0x00000000d5580000, 0x00000000d7100000, 0x0000000100000000)
  eden space 20992K, 0% used [0x00000000d5580000,0x00000000d5580000,0x00000000d6a00000)
  from space 3072K, 83% used [0x00000000d6e00000,0x00000000d7082438,0x00000000d7100000)
  to   space 3072K, 0% used [0x00000000d6b00000,0x00000000d6b00000,0x00000000d6e00000)
 ParOldGen       total 69120K, used 68869K [0x0000000080000000, 0x0000000084380000, 0x00000000d5580000)
  object space 69120K, 99% used [0x0000000080000000,0x0000000084341528,0x0000000084380000)
 Metaspace       used 74801K, committed 76224K, reserved 1179648K
  class space    used 9244K, committed 9856K, reserved 1048576K
}
Event: 6886.480 GC heap before
{Heap before GC invocations=60 (full 3):
 PSYoungGen      total 24064K, used 23561K [0x00000000d5580000, 0x00000000d7100000, 0x0000000100000000)
  eden space 20992K, 100% used [0x00000000d5580000,0x00000000d6a00000,0x00000000d6a00000)
  from space 3072K, 83% used [0x00000000d6e00000,0x00000000d7082438,0x00000000d7100000)
  to   space 3072K, 0% used [0x00000000d6b00000,0x00000000d6b00000,0x00000000d6e00000)
 ParOldGen       total 69120K, used 68869K [0x0000000080000000, 0x0000000084380000, 0x00000000d5580000)
  object space 69120K, 99% used [0x0000000080000000,0x0000000084341528,0x0000000084380000)
 Metaspace       used 74824K, committed 76352K, reserved 1179648K
  class space    used 9244K, committed 9856K, reserved 1048576K
}
Event: 6886.482 GC heap after
{Heap after GC invocations=60 (full 3):
 PSYoungGen      total 22016K, used 681K [0x00000000d5580000, 0x00000000d6e80000, 0x0000000100000000)
  eden space 20992K, 0% used [0x00000000d5580000,0x00000000d5580000,0x00000000d6a00000)
  from space 1024K, 66% used [0x00000000d6b00000,0x00000000d6baa730,0x00000000d6c00000)
  to   space 1536K, 0% used [0x00000000d6d00000,0x00000000d6d00000,0x00000000d6e80000)
 ParOldGen       total 70656K, used 70489K [0x0000000080000000, 0x0000000084500000, 0x00000000d5580000)
  object space 70656K, 99% used [0x0000000080000000,0x00000000844d64b0,0x0000000084500000)
 Metaspace       used 74824K, committed 76352K, reserved 1179648K
  class space    used 9244K, committed 9856K, reserved 1048576K
}
Event: 6886.903 GC heap before
{Heap before GC invocations=61 (full 3):
 PSYoungGen      total 22016K, used 21673K [0x00000000d5580000, 0x00000000d6e80000, 0x0000000100000000)
  eden space 20992K, 100% used [0x00000000d5580000,0x00000000d6a00000,0x00000000d6a00000)
  from space 1024K, 66% used [0x00000000d6b00000,0x00000000d6baa730,0x00000000d6c00000)
  to   space 1536K, 0% used [0x00000000d6d00000,0x00000000d6d00000,0x00000000d6e80000)
 ParOldGen       total 70656K, used 70489K [0x0000000080000000, 0x0000000084500000, 0x00000000d5580000)
  object space 70656K, 99% used [0x0000000080000000,0x00000000844d64b0,0x0000000084500000)
 Metaspace       used 76097K, committed 77632K, reserved 1179648K
  class space    used 9391K, committed 10048K, reserved 1048576K
}
Event: 6886.904 GC heap after
{Heap after GC invocations=61 (full 3):
 PSYoungGen      total 22016K, used 512K [0x00000000d5580000, 0x00000000d6e00000, 0x0000000100000000)
  eden space 20992K, 0% used [0x00000000d5580000,0x00000000d5580000,0x00000000d6a00000)
  from space 1024K, 50% used [0x00000000d6d00000,0x00000000d6d80010,0x00000000d6e00000)
  to   space 1024K, 0% used [0x00000000d6b00000,0x00000000d6b00000,0x00000000d6c00000)
 ParOldGen       total 70656K, used 70521K [0x0000000080000000, 0x0000000084500000, 0x00000000d5580000)
  object space 70656K, 99% used [0x0000000080000000,0x00000000844de4b0,0x0000000084500000)
 Metaspace       used 76097K, committed 77632K, reserved 1179648K
  class space    used 9391K, committed 10048K, reserved 1048576K
}
Event: 6887.444 GC heap before
{Heap before GC invocations=62 (full 3):
 PSYoungGen      total 22016K, used 21504K [0x00000000d5580000, 0x00000000d6e00000, 0x0000000100000000)
  eden space 20992K, 100% used [0x00000000d5580000,0x00000000d6a00000,0x00000000d6a00000)
  from space 1024K, 50% used [0x00000000d6d00000,0x00000000d6d80010,0x00000000d6e00000)
  to   space 1024K, 0% used [0x00000000d6b00000,0x00000000d6b00000,0x00000000d6c00000)
 ParOldGen       total 70656K, used 70521K [0x0000000080000000, 0x0000000084500000, 0x00000000d5580000)
  object space 70656K, 99% used [0x0000000080000000,0x00000000844de4b0,0x0000000084500000)
 Metaspace       used 77449K, committed 78976K, reserved 1179648K
  class space    used 9517K, committed 10176K, reserved 1048576K
}
Event: 6887.445 GC heap after
{Heap after GC invocations=62 (full 3):
 PSYoungGen      total 22016K, used 608K [0x00000000d5580000, 0x00000000d6d80000, 0x0000000100000000)
  eden space 20992K, 0% used [0x00000000d5580000,0x00000000d5580000,0x00000000d6a00000)
  from space 1024K, 59% used [0x00000000d6b00000,0x00000000d6b98000,0x00000000d6c00000)
  to   space 1024K, 0% used [0x00000000d6c80000,0x00000000d6c80000,0x00000000d6d80000)
 ParOldGen       total 71168K, used 70657K [0x0000000080000000, 0x0000000084580000, 0x00000000d5580000)
  object space 71168K, 99% used [0x0000000080000000,0x00000000845004b0,0x0000000084580000)
 Metaspace       used 77449K, committed 78976K, reserved 1179648K
  class space    used 9517K, committed 10176K, reserved 1048576K
}

Dll operation events (15 events):
Event: 0.011 Loaded shared library c:\Users\bianc\.vscode\extensions\redhat.java-1.53.0-win32-x64\jre\21.0.10-win32-x86_64\bin\java.dll
Event: 0.072 Loaded shared library c:\Users\bianc\.vscode\extensions\redhat.java-1.53.0-win32-x64\jre\21.0.10-win32-x86_64\bin\zip.dll
Event: 0.090 Loaded shared library C:\Users\bianc\.vscode\extensions\redhat.java-1.53.0-win32-x64\jre\21.0.10-win32-x86_64\bin\instrument.dll
Event: 0.095 Loaded shared library C:\Users\bianc\.vscode\extensions\redhat.java-1.53.0-win32-x64\jre\21.0.10-win32-x86_64\bin\net.dll
Event: 0.097 Loaded shared library C:\Users\bianc\.vscode\extensions\redhat.java-1.53.0-win32-x64\jre\21.0.10-win32-x86_64\bin\nio.dll
Event: 0.099 Loaded shared library C:\Users\bianc\.vscode\extensions\redhat.java-1.53.0-win32-x64\jre\21.0.10-win32-x86_64\bin\zip.dll
Event: 0.117 Loaded shared library C:\Users\bianc\.vscode\extensions\redhat.java-1.53.0-win32-x64\jre\21.0.10-win32-x86_64\bin\jimage.dll
Event: 0.208 Loaded shared library c:\Users\bianc\.vscode\extensions\redhat.java-1.53.0-win32-x64\jre\21.0.10-win32-x86_64\bin\verify.dll
Event: 1.239 Loaded shared library C:\Users\bianc\AppData\Roaming\Code\User\globalStorage\redhat.java\1.53.0\config_win\org.eclipse.equinox.launcher\org.eclipse.equinox.launcher.win32.win32.x86_64_1.3.0.v20260203-2149\eclipse_11919.dll
Event: 2.692 Loaded shared library C:\Users\bianc\AppData\Local\Temp\jna-93729839\jna4019443764984687006.dll
Event: 3.694 Loaded shared library C:\Users\bianc\.vscode\extensions\redhat.java-1.53.0-win32-x64\jre\21.0.10-win32-x86_64\bin\sunmscapi.dll
Event: 4.096 Loaded shared library C:\Users\bianc\.vscode\extensions\redhat.java-1.53.0-win32-x64\jre\21.0.10-win32-x86_64\bin\extnet.dll
Event: 5.460 Loaded shared library C:\Users\bianc\.gradle\native\c067742578af261105cb4f569cf0c3c89f3d7b1fecec35dd04571415982c5e48\windows-amd64\native-platform.dll
Event: 6.716 Loaded shared library C:\Users\bianc\.vscode\extensions\redhat.java-1.53.0-win32-x64\jre\21.0.10-win32-x86_64\bin\management.dll
Event: 6.719 Loaded shared library C:\Users\bianc\.vscode\extensions\redhat.java-1.53.0-win32-x64\jre\21.0.10-win32-x86_64\bin\management_ext.dll

Deoptimization events (20 events):
Event: 13320.572 Thread 0x000001f848ea3550 Uncommon trap: trap_request=0xffffffde fr.pc=0x000001f86e83d134 relative=0x0000000000000274
Event: 13320.572 Thread 0x000001f848ea3550 Uncommon trap: reason=class_check action=maybe_recompile pc=0x000001f86e83d134 method=java.util.Comparator.lambda$comparing$77a9974f$1(Ljava/util/function/Function;Ljava/lang/Object;Ljava/lang/Object;)I @ 7 c2
Event: 13320.572 Thread 0x000001f848ea3550 DEOPT PACKING pc=0x000001f86e83d134 sp=0x0000003f478fcc30
Event: 13320.572 Thread 0x000001f848ea3550 DEOPT UNPACKING pc=0x000001f86ddd3aa2 sp=0x0000003f478fcb48 mode 2
Event: 13320.572 Thread 0x000001f848ea3550 Uncommon trap: trap_request=0xffffffde fr.pc=0x000001f86e83d134 relative=0x0000000000000274
Event: 13320.572 Thread 0x000001f848ea3550 Uncommon trap: reason=class_check action=maybe_recompile pc=0x000001f86e83d134 method=java.util.Comparator.lambda$comparing$77a9974f$1(Ljava/util/function/Function;Ljava/lang/Object;Ljava/lang/Object;)I @ 7 c2
Event: 13320.572 Thread 0x000001f848ea3550 DEOPT PACKING pc=0x000001f86e83d134 sp=0x0000003f478fccc0
Event: 13320.572 Thread 0x000001f848ea3550 DEOPT UNPACKING pc=0x000001f86ddd3aa2 sp=0x0000003f478fcbd8 mode 2
Event: 13320.574 Thread 0x000001f848ea3550 Uncommon trap: trap_request=0xffffffde fr.pc=0x000001f86e83d134 relative=0x0000000000000274
Event: 13320.574 Thread 0x000001f848ea3550 Uncommon trap: reason=class_check action=maybe_recompile pc=0x000001f86e83d134 method=java.util.Comparator.lambda$comparing$77a9974f$1(Ljava/util/function/Function;Ljava/lang/Object;Ljava/lang/Object;)I @ 7 c2
Event: 13320.574 Thread 0x000001f848ea3550 DEOPT PACKING pc=0x000001f86e83d134 sp=0x0000003f478fccc0
Event: 13320.574 Thread 0x000001f848ea3550 DEOPT UNPACKING pc=0x000001f86ddd3aa2 sp=0x0000003f478fcbd8 mode 2
Event: 13320.691 Thread 0x000001f848ea3550 Uncommon trap: trap_request=0xffffffc6 fr.pc=0x000001f86e9cc308 relative=0x0000000000000588
Event: 13320.691 Thread 0x000001f848ea3550 Uncommon trap: reason=bimorphic_or_optimized_type_check action=maybe_recompile pc=0x000001f86e9cc308 method=java.util.HashMap.removeNode(ILjava/lang/Object;Ljava/lang/Object;ZZ)Ljava/util/HashMap$Node; @ 143 c2
Event: 13320.691 Thread 0x000001f848ea3550 DEOPT PACKING pc=0x000001f86e9cc308 sp=0x0000003f478fe010
Event: 13320.691 Thread 0x000001f848ea3550 DEOPT UNPACKING pc=0x000001f86ddd3aa2 sp=0x0000003f478fdf88 mode 2
Event: 13320.694 Thread 0x000001f848ea3550 Uncommon trap: trap_request=0xfffffff4 fr.pc=0x000001f86e70f844 relative=0x0000000000001044
Event: 13320.695 Thread 0x000001f848ea3550 Uncommon trap: reason=null_check action=make_not_entrant pc=0x000001f86e70f844 method=org.apache.aries.spifly.BaseActivator.getWeavingData(Lorg/osgi/framework/Bundle;)Ljava/util/Set; @ 10 c2
Event: 13320.695 Thread 0x000001f848ea3550 DEOPT PACKING pc=0x000001f86e70f844 sp=0x0000003f478fd5e0
Event: 13320.695 Thread 0x000001f848ea3550 DEOPT UNPACKING pc=0x000001f86ddd3aa2 sp=0x0000003f478fd3b8 mode 2

Classes loaded (20 events):
Event: 6884.132 Loading class java/nio/ByteBufferAsIntBufferL
Event: 6884.134 Loading class java/nio/ByteBufferAsIntBufferL done
Event: 6884.142 Loading class jdk/internal/jimage/ImageReader$Directory
Event: 6884.142 Loading class jdk/internal/jimage/ImageReader$Directory done
Event: 6885.011 Loading class java/nio/channels/Channels$ReadableByteChannelImpl
Event: 6885.012 Loading class java/nio/channels/Channels$ReadableByteChannelImpl done
Event: 6885.012 Loading class java/nio/channels/NonWritableChannelException
Event: 6885.013 Loading class java/nio/channels/NonWritableChannelException done
Event: 13320.202 Loading class java/util/concurrent/ConcurrentHashMap$EntrySpliterator
Event: 13320.207 Loading class java/util/concurrent/ConcurrentHashMap$EntrySpliterator done
Event: 13320.307 Loading class java/util/Collections$EmptyListIterator
Event: 13320.314 Loading class java/util/Collections$EmptyListIterator done
Event: 13320.404 Loading class java/util/stream/Nodes$ToArrayTask$OfRef
Event: 13320.408 Loading class java/util/stream/Nodes$ToArrayTask
Event: 13320.410 Loading class java/util/stream/Nodes$ToArrayTask done
Event: 13320.410 Loading class java/util/stream/Nodes$ToArrayTask$OfRef done
Event: 13320.806 Loading class java/util/Hashtable$KeySet
Event: 13320.807 Loading class java/util/Hashtable$KeySet done
Event: 13321.338 Loading class javax/security/auth/login/Configuration
Event: 13321.339 Loading class javax/security/auth/login/Configuration done

Classes unloaded (7 events):
Event: 3.036 Thread 0x000001f8620eeb10 Unloading class 0x000001f8011ab400 'java/lang/invoke/LambdaForm$MH+0x000001f8011ab400'
Event: 3.036 Thread 0x000001f8620eeb10 Unloading class 0x000001f8011ab000 'java/lang/invoke/LambdaForm$MH+0x000001f8011ab000'
Event: 3.036 Thread 0x000001f8620eeb10 Unloading class 0x000001f8011aac00 'java/lang/invoke/LambdaForm$MH+0x000001f8011aac00'
Event: 3.036 Thread 0x000001f8620eeb10 Unloading class 0x000001f8011aa800 'java/lang/invoke/LambdaForm$MH+0x000001f8011aa800'
Event: 3.036 Thread 0x000001f8620eeb10 Unloading class 0x000001f8011aa400 'java/lang/invoke/LambdaForm$BMH+0x000001f8011aa400'
Event: 3.036 Thread 0x000001f8620eeb10 Unloading class 0x000001f8011aa000 'java/lang/invoke/LambdaForm$DMH+0x000001f8011aa000'
Event: 3.036 Thread 0x000001f8620eeb10 Unloading class 0x000001f8011a8c00 'java/lang/invoke/LambdaForm$DMH+0x000001f8011a8c00'

Classes redefined (0 events):
No events

Internal exceptions (20 events):
Event: 58.720 Thread 0x000001f845d064c0 Exception <a 'java/lang/NoSuchMethodError'{0x00000000d60ab9c0}: 'java.lang.Object java.lang.invoke.DirectMethodHandle$Holder.invokeStatic(java.lang.Object, java.lang.Object, int, java.lang.Object)'> (0x00000000d60ab9c0) 
thrown [s\src\hotspot\share\interpreter\linkResolver.cpp, line 773]
Event: 58.747 Thread 0x000001f845d064c0 Exception <a 'java/io/FileNotFoundException'{0x00000000d65c4e30}> (0x00000000d65c4e30) 
thrown [s\src\hotspot\share\prims\jni.cpp, line 520]
Event: 58.747 Thread 0x000001f845d064c0 Exception <a 'java/io/FileNotFoundException'{0x00000000d65c5bd0}> (0x00000000d65c5bd0) 
thrown [s\src\hotspot\share\prims\jni.cpp, line 520]
Event: 308.427 Thread 0x000001f845d036d0 Exception <a 'java/lang/NoSuchMethodError'{0x00000000d6819710}: 'java.lang.Object java.lang.invoke.DirectMethodHandle$Holder.newInvokeSpecial(java.lang.Object, java.lang.Object, java.lang.Object, java.lang.Object, java.lang.Object, java.lang.Object, java.lang.Object, java.lang.Object)'> (0x00000000d6819710) 
thrown [s\src\hotspot\share\interpreter\linkResolver.cpp, line 773]
Event: 6884.085 Thread 0x000001f845d07870 Exception <a 'java/lang/NoSuchMethodError'{0x00000000d56b3b40}: 'java.lang.Object java.lang.invoke.DelegatingMethodHandle$Holder.reinvoke_L(java.lang.Object, int, long, java.lang.Object, java.lang.Object, int, java.lang.Object)'> (0x00000000d56b3b40) 
thrown [s\src\hotspot\share\interpreter\linkResolver.cpp, line 773]
Event: 6884.435 Thread 0x000001f845d07870 Exception <a 'java/lang/NoSuchMethodError'{0x00000000d5c611a8}: 'java.lang.Object java.lang.invoke.Invokers$Holder.invoke_MT(java.lang.Object, java.lang.Object, java.lang.Object, java.lang.Object, java.lang.Object, java.lang.Object, java.lang.Object, java.lang.Object, java.lang.Object, java.lang.Object)'> (0x00000000d5c611a8) 
thrown [s\src\hotspot\share\interpreter\linkResolver.cpp, line 773]
Event: 6885.675 Thread 0x000001f845d07870 Exception <a 'java/lang/NoSuchMethodError'{0x00000000d55f9b18}: 'int java.lang.invoke.Invokers$Holder.invokeExact_MT(java.lang.Object, java.lang.Object)'> (0x00000000d55f9b18) 
thrown [s\src\hotspot\share\interpreter\linkResolver.cpp, line 773]
Event: 6886.067 Thread 0x000001f845d07870 Exception <a 'java/lang/NoSuchMethodError'{0x00000000d5d96b08}: 'java.lang.Object java.lang.invoke.DirectMethodHandle$Holder.invokeVirtual(java.lang.Object, java.lang.Object, int)'> (0x00000000d5d96b08) 
thrown [s\src\hotspot\share\interpreter\linkResolver.cpp, line 773]
Event: 13320.013 Thread 0x000001f845d06b50 Exception <a 'java/lang/NoSuchMethodError'{0x00000000d5a6c770}: 'void java.lang.invoke.DirectMethodHandle$Holder.invokeInterface(java.lang.Object, java.lang.Object)'> (0x00000000d5a6c770) 
thrown [s\src\hotspot\share\interpreter\linkResolver.cpp, line 773]
Event: 13320.235 Thread 0x000001f845d036d0 Implicit null exception at 0x000001f86ecc1f6e to 0x000001f86ecc2f14
Event: 13320.340 Thread 0x000001f845d036d0 Exception <a 'java/lang/NoSuchMethodError'{0x00000000d5bae6c8}: 'java.lang.Object java.lang.invoke.DirectMethodHandle$Holder.newInvokeSpecial(java.lang.Object, java.lang.Object, java.lang.Object, java.lang.Object, java.lang.Object, java.lang.Object, java.lang.Object, java.lang.Object, java.lang.Object, java.lang.Object)'> (0x00000000d5bae6c8) 
thrown [s\src\hotspot\share\interpreter\linkResolver.cpp, line 773]
Event: 13320.447 Thread 0x000001f845d06b50 Exception <a 'java/io/IOException'{0x00000000d5c71848}> (0x00000000d5c71848) 
thrown [s\src\hotspot\share\prims\jni.cpp, line 520]
Event: 13320.551 Thread 0x000001f848ea2830 Exception <a 'java/io/IOException'{0x00000000d5a13828}> (0x00000000d5a13828) 
thrown [s\src\hotspot\share\prims\jni.cpp, line 520]
Event: 13320.552 Thread 0x000001f848ea2830 Exception <a 'java/io/IOException'{0x00000000d5a15068}> (0x00000000d5a15068) 
thrown [s\src\hotspot\share\prims\jni.cpp, line 520]
Event: 13320.557 Thread 0x000001f848ea2830 Exception <a 'java/io/IOException'{0x00000000d5d1a720}> (0x00000000d5d1a720) 
thrown [s\src\hotspot\share\prims\jni.cpp, line 520]
Event: 13320.558 Thread 0x000001f848ea2830 Exception <a 'java/io/IOException'{0x00000000d5d27980}> (0x00000000d5d27980) 
thrown [s\src\hotspot\share\prims\jni.cpp, line 520]
Event: 13320.793 Thread 0x000001f848ea3550 Exception <a 'sun/nio/fs/WindowsException'{0x00000000d5e83850}> (0x00000000d5e83850) 
thrown [s\src\hotspot\share\prims\jni.cpp, line 520]
Event: 13320.793 Thread 0x000001f848ea3550 Exception <a 'sun/nio/fs/WindowsException'{0x00000000d5e83e88}> (0x00000000d5e83e88) 
thrown [s\src\hotspot\share\prims\jni.cpp, line 520]
Event: 13320.795 Thread 0x000001f848ea3550 Exception <a 'sun/nio/fs/WindowsException'{0x00000000d5e847d0}> (0x00000000d5e847d0) 
thrown [s\src\hotspot\share\prims\jni.cpp, line 520]
Event: 13320.795 Thread 0x000001f848ea3550 Exception <a 'sun/nio/fs/WindowsException'{0x00000000d5e84de8}> (0x00000000d5e84de8) 
thrown [s\src\hotspot\share\prims\jni.cpp, line 520]

ZGC Phase Switch (0 events):
No events

VM Operations (20 events):
Event: 12805.293 Executing non-safepoint VM operation: HandshakeAllThreads (HandshakeForDeflation) done
Event: 12805.293 Executing non-safepoint VM operation: RendezvousGCThreads
Event: 12805.293 Executing non-safepoint VM operation: RendezvousGCThreads done
Event: 12925.461 Executing non-safepoint VM operation: HandshakeAllThreads (HandshakeForDeflation)
Event: 12925.467 Executing non-safepoint VM operation: HandshakeAllThreads (HandshakeForDeflation) done
Event: 12925.468 Executing non-safepoint VM operation: RendezvousGCThreads
Event: 12925.468 Executing non-safepoint VM operation: RendezvousGCThreads done
Event: 13226.212 Executing non-safepoint VM operation: HandshakeAllThreads (HandshakeForDeflation)
Event: 13226.212 Executing non-safepoint VM operation: HandshakeAllThreads (HandshakeForDeflation) done
Event: 13226.212 Executing non-safepoint VM operation: RendezvousGCThreads
Event: 13226.212 Executing non-safepoint VM operation: RendezvousGCThreads done
Event: 13320.046 Executing safepoint VM operation: Cleanup
Event: 13320.048 Executing safepoint VM operation: Cleanup done
Event: 13320.778 Executing non-safepoint VM operation: HandshakeAllThreads (Deoptimize)
Event: 13320.779 Executing non-safepoint VM operation: HandshakeAllThreads (Deoptimize) done
Event: 13321.321 Executing non-safepoint VM operation: HandshakeAllThreads (Deoptimize)
Event: 13321.321 Executing non-safepoint VM operation: HandshakeAllThreads (Deoptimize) done
Event: 13321.321 Executing safepoint VM operation: Cleanup
Event: 13321.321 Executing safepoint VM operation: Cleanup done
Event: 13322.329 Executing safepoint VM operation: Cleanup

Memory protections (0 events):
No events

Nmethod flushes (20 events):
Event: 7.044 Thread 0x000001f8620eeb10 flushing  nmethod 0x000001f8671ee190
Event: 7.044 Thread 0x000001f8620eeb10 flushing  nmethod 0x000001f867257410
Event: 7.044 Thread 0x000001f8620eeb10 flushing  nmethod 0x000001f86725a610
Event: 7.044 Thread 0x000001f8620eeb10 flushing  nmethod 0x000001f867274410
Event: 7.044 Thread 0x000001f8620eeb10 flushing  nmethod 0x000001f867275490
Event: 7.044 Thread 0x000001f8620eeb10 flushing  nmethod 0x000001f867275a90
Event: 7.044 Thread 0x000001f8620eeb10 flushing  nmethod 0x000001f867276a10
Event: 7.044 Thread 0x000001f8620eeb10 flushing  nmethod 0x000001f867277290
Event: 7.044 Thread 0x000001f8620eeb10 flushing  nmethod 0x000001f867279090
Event: 7.044 Thread 0x000001f8620eeb10 flushing  nmethod 0x000001f86729cb90
Event: 7.044 Thread 0x000001f8620eeb10 flushing  nmethod 0x000001f8672a4690
Event: 7.044 Thread 0x000001f8620eeb10 flushing  nmethod 0x000001f8672c1c90
Event: 7.044 Thread 0x000001f8620eeb10 flushing  nmethod 0x000001f8672d1490
Event: 7.044 Thread 0x000001f8620eeb10 flushing osr nmethod 0x000001f8672efc90
Event: 7.044 Thread 0x000001f8620eeb10 flushing  nmethod 0x000001f867338b10
Event: 7.044 Thread 0x000001f8620eeb10 flushing  nmethod 0x000001f867342c90
Event: 7.044 Thread 0x000001f8620eeb10 flushing  nmethod 0x000001f867343090
Event: 7.044 Thread 0x000001f8620eeb10 flushing  nmethod 0x000001f867354710
Event: 7.044 Thread 0x000001f8620eeb10 flushing  nmethod 0x000001f867366690
Event: 7.044 Thread 0x000001f8620eeb10 flushing  nmethod 0x000001f867369390

Events (20 events):
Event: 13319.988 Thread 0x000001f845d06b50 Thread added: 0x000001f848ea2ec0
Event: 13320.057 Thread 0x000001f845d06b50 Thread added: 0x000001f848ea69d0
Event: 13320.190 Thread 0x000001f845d036d0 Thread added: 0x000001f848ea3550
Event: 13320.193 Thread 0x000001f848ea3550 Thread exited: 0x000001f848ea3550
Event: 13320.260 Thread 0x000001f845d036d0 Thread added: 0x000001f848ea3550
Event: 13320.262 Thread 0x000001f848ea3550 Thread exited: 0x000001f848ea3550
Event: 13320.367 Thread 0x000001f845d036d0 Thread added: 0x000001f848ea3550
Event: 13320.380 Thread 0x000001f848ea3550 Thread added: 0x000001f848ea3be0
Event: 13320.385 Thread 0x000001f848ea3550 Thread added: 0x000001f848ea76f0
Event: 13320.412 Thread 0x000001f848ea3550 Thread exited: 0x000001f848ea3550
Event: 13320.412 Thread 0x000001f848ea76f0 Thread exited: 0x000001f848ea76f0
Event: 13320.413 Thread 0x000001f848ea3be0 Thread exited: 0x000001f848ea3be0
Event: 13320.494 Thread 0x000001f862033790 Thread added: 0x000001f848ea3550
Event: 13321.314 Thread 0x000001f87df967d0 Thread exited: 0x000001f87df967d0
Event: 13321.354 Thread 0x000001f848ea2830 Thread exited: 0x000001f848ea2830
Event: 13321.354 Thread 0x000001f845d036d0 Thread exited: 0x000001f845d036d0
Event: 13321.354 Thread 0x000001f87df94070 Thread exited: 0x000001f87df94070
Event: 13321.362 Thread 0x000001f87df95420 Thread exited: 0x000001f87df95420
Event: 13321.367 Thread 0x000001f87bed0520 Thread added: 0x000001f84869b9d0
Event: 13321.367 Thread 0x000001f87bed0520 Thread added: 0x000001f84869c0a0


Dynamic libraries:
0x00007ff7b4760000 - 0x00007ff7b476e000 	c:\Users\bianc\.vscode\extensions\redhat.java-1.53.0-win32-x64\jre\21.0.10-win32-x86_64\bin\java.exe
0x00007ffe81480000 - 0x00007ffe816e8000 	C:\WINDOWS\SYSTEM32\ntdll.dll
0x00007ffe806c0000 - 0x00007ffe80789000 	C:\WINDOWS\System32\KERNEL32.DLL
0x00007ffe7e970000 - 0x00007ffe7ed68000 	C:\WINDOWS\System32\KERNELBASE.dll
0x00007ffe7e820000 - 0x00007ffe7e96b000 	C:\WINDOWS\System32\ucrtbase.dll
0x00007ffe2e100000 - 0x00007ffe2e118000 	c:\Users\bianc\.vscode\extensions\redhat.java-1.53.0-win32-x64\jre\21.0.10-win32-x86_64\bin\jli.dll
0x00007ffe14f50000 - 0x00007ffe14f6e000 	c:\Users\bianc\.vscode\extensions\redhat.java-1.53.0-win32-x64\jre\21.0.10-win32-x86_64\bin\VCRUNTIME140.dll
0x00007ffe7fc70000 - 0x00007ffe7fe37000 	C:\WINDOWS\System32\USER32.dll
0x00007ffe61350000 - 0x00007ffe615e4000 	C:\WINDOWS\WinSxS\amd64_microsoft.windows.common-controls_6595b64144ccf1df_6.0.26100.7019_none_3e06ffa0e335b8a8\COMCTL32.dll
0x00007ffe7e7f0000 - 0x00007ffe7e817000 	C:\WINDOWS\System32\win32u.dll
0x00007ffe7f6b0000 - 0x00007ffe7f6db000 	C:\WINDOWS\System32\GDI32.dll
0x00007ffe7ffc0000 - 0x00007ffe80069000 	C:\WINDOWS\System32\msvcrt.dll
0x00007ffe7ee20000 - 0x00007ffe7ef4c000 	C:\WINDOWS\System32\gdi32full.dll
0x00007ffe7ed70000 - 0x00007ffe7ee13000 	C:\WINDOWS\System32\msvcp_win.dll
0x00007ffe80540000 - 0x00007ffe80571000 	C:\WINDOWS\System32\IMM32.DLL
0x00007ffe4a4e0000 - 0x00007ffe4a4ec000 	c:\Users\bianc\.vscode\extensions\redhat.java-1.53.0-win32-x64\jre\21.0.10-win32-x86_64\bin\vcruntime140_1.dll
0x00007ffe04610000 - 0x00007ffe0469d000 	c:\Users\bianc\.vscode\extensions\redhat.java-1.53.0-win32-x64\jre\21.0.10-win32-x86_64\bin\msvcp140.dll
0x00007ffdddd50000 - 0x00007ffddeaf1000 	c:\Users\bianc\.vscode\extensions\redhat.java-1.53.0-win32-x64\jre\21.0.10-win32-x86_64\bin\server\jvm.dll
0x00007ffe7f3c0000 - 0x00007ffe7f474000 	C:\WINDOWS\System32\ADVAPI32.dll
0x00007ffe80260000 - 0x00007ffe80306000 	C:\WINDOWS\System32\sechost.dll
0x00007ffe80580000 - 0x00007ffe80698000 	C:\WINDOWS\System32\RPCRT4.dll
0x00007ffe80310000 - 0x00007ffe80384000 	C:\WINDOWS\System32\WS2_32.dll
0x00007ffe7e430000 - 0x00007ffe7e48e000 	C:\WINDOWS\SYSTEM32\POWRPROF.dll
0x00007ffe73200000 - 0x00007ffe73235000 	C:\WINDOWS\SYSTEM32\WINMM.dll
0x00007ffe68b20000 - 0x00007ffe68b2b000 	C:\WINDOWS\SYSTEM32\VERSION.dll
0x00007ffe7e410000 - 0x00007ffe7e424000 	C:\WINDOWS\SYSTEM32\UMPDC.dll
0x00007ffe7d2f0000 - 0x00007ffe7d30b000 	C:\WINDOWS\SYSTEM32\kernel.appcore.dll
0x00007ffe4a490000 - 0x00007ffe4a49a000 	c:\Users\bianc\.vscode\extensions\redhat.java-1.53.0-win32-x64\jre\21.0.10-win32-x86_64\bin\jimage.dll
0x00007ffe7bcb0000 - 0x00007ffe7bef2000 	C:\WINDOWS\SYSTEM32\DBGHELP.DLL
0x00007ffe810b0000 - 0x00007ffe8143b000 	C:\WINDOWS\System32\combase.dll
0x00007ffe80390000 - 0x00007ffe80467000 	C:\WINDOWS\System32\OLEAUT32.dll
0x00007ffe491e0000 - 0x00007ffe4921c000 	C:\WINDOWS\SYSTEM32\dbgcore.DLL
0x00007ffe7e5d0000 - 0x00007ffe7e675000 	C:\WINDOWS\System32\bcryptPrimitives.dll
0x00007ffe374c0000 - 0x00007ffe374cf000 	c:\Users\bianc\.vscode\extensions\redhat.java-1.53.0-win32-x64\jre\21.0.10-win32-x86_64\bin\instrument.dll
0x00007ffe126f0000 - 0x00007ffe12710000 	c:\Users\bianc\.vscode\extensions\redhat.java-1.53.0-win32-x64\jre\21.0.10-win32-x86_64\bin\java.dll
0x00007ffe80950000 - 0x00007ffe8109f000 	C:\WINDOWS\System32\SHELL32.dll
0x00007ffe7e680000 - 0x00007ffe7e7eb000 	C:\WINDOWS\System32\wintypes.dll
0x00007ffe7c1e0000 - 0x00007ffe7ca3d000 	C:\WINDOWS\SYSTEM32\windows.storage.dll
0x00007ffe7f6e0000 - 0x00007ffe7f7d2000 	C:\WINDOWS\System32\SHCORE.dll
0x00007ffe7f540000 - 0x00007ffe7f5a7000 	C:\WINDOWS\System32\shlwapi.dll
0x00007ffe7e4f0000 - 0x00007ffe7e519000 	C:\WINDOWS\SYSTEM32\profapi.dll
0x00007ffe11110000 - 0x00007ffe11128000 	c:\Users\bianc\.vscode\extensions\redhat.java-1.53.0-win32-x64\jre\21.0.10-win32-x86_64\bin\zip.dll
0x00007ffe495f0000 - 0x00007ffe49600000 	C:\Users\bianc\.vscode\extensions\redhat.java-1.53.0-win32-x64\jre\21.0.10-win32-x86_64\bin\net.dll
0x00007ffe72b40000 - 0x00007ffe72c68000 	C:\WINDOWS\SYSTEM32\WINHTTP.dll
0x00007ffe7d900000 - 0x00007ffe7d96b000 	C:\WINDOWS\system32\mswsock.dll
0x00007ffe0dd10000 - 0x00007ffe0dd26000 	C:\Users\bianc\.vscode\extensions\redhat.java-1.53.0-win32-x64\jre\21.0.10-win32-x86_64\bin\nio.dll
0x00007ffe34f00000 - 0x00007ffe34f10000 	c:\Users\bianc\.vscode\extensions\redhat.java-1.53.0-win32-x64\jre\21.0.10-win32-x86_64\bin\verify.dll
0x00007ffe05050000 - 0x00007ffe05095000 	C:\Users\bianc\AppData\Roaming\Code\User\globalStorage\redhat.java\1.53.0\config_win\org.eclipse.equinox.launcher\org.eclipse.equinox.launcher.win32.win32.x86_64_1.3.0.v20260203-2149\eclipse_11919.dll
0x00007ffe7f220000 - 0x00007ffe7f3b7000 	C:\WINDOWS\System32\ole32.dll
0x00007ffe7dbd0000 - 0x00007ffe7dbeb000 	C:\WINDOWS\SYSTEM32\CRYPTSP.dll
0x00007ffe7d310000 - 0x00007ffe7d34a000 	C:\WINDOWS\system32\rsaenh.dll
0x00007ffe7d9b0000 - 0x00007ffe7d9db000 	C:\WINDOWS\SYSTEM32\USERENV.dll
0x00007ffe7e4c0000 - 0x00007ffe7e4ea000 	C:\WINDOWS\SYSTEM32\bcrypt.dll
0x00007ffe7dbc0000 - 0x00007ffe7dbcc000 	C:\WINDOWS\SYSTEM32\CRYPTBASE.dll
0x00007ffe7cec0000 - 0x00007ffe7cef4000 	C:\WINDOWS\SYSTEM32\IPHLPAPI.DLL
0x00007ffe80810000 - 0x00007ffe8081a000 	C:\WINDOWS\System32\NSI.dll
0x00007ffe04200000 - 0x00007ffe04249000 	C:\Users\bianc\AppData\Local\Temp\jna-93729839\jna4019443764984687006.dll
0x00007ffe80070000 - 0x00007ffe80078000 	C:\WINDOWS\System32\PSAPI.DLL
0x00007ffe74e30000 - 0x00007ffe74e4e000 	C:\WINDOWS\SYSTEM32\dhcpcsvc6.DLL
0x00007ffe74d90000 - 0x00007ffe74db3000 	C:\WINDOWS\SYSTEM32\dhcpcsvc.DLL
0x00007ffe3d340000 - 0x00007ffe3d34e000 	C:\Users\bianc\.vscode\extensions\redhat.java-1.53.0-win32-x64\jre\21.0.10-win32-x86_64\bin\sunmscapi.dll
0x00007ffe7f0a0000 - 0x00007ffe7f217000 	C:\WINDOWS\System32\CRYPT32.dll
0x00007ffe7de50000 - 0x00007ffe7de80000 	C:\WINDOWS\SYSTEM32\ncrypt.dll
0x00007ffe7de00000 - 0x00007ffe7de3f000 	C:\WINDOWS\SYSTEM32\NTASN1.dll
0x00007ffe7cf00000 - 0x00007ffe7d02c000 	C:\WINDOWS\SYSTEM32\DNSAPI.dll
0x00007ffe721c0000 - 0x00007ffe721cb000 	C:\Windows\System32\rasadhlp.dll
0x00007ffe75490000 - 0x00007ffe75516000 	C:\WINDOWS\System32\fwpuclnt.dll
0x00007ffe38dc0000 - 0x00007ffe38dc9000 	C:\Users\bianc\.vscode\extensions\redhat.java-1.53.0-win32-x64\jre\21.0.10-win32-x86_64\bin\extnet.dll
0x00007ffe07d10000 - 0x00007ffe07d37000 	C:\Users\bianc\.gradle\native\c067742578af261105cb4f569cf0c3c89f3d7b1fecec35dd04571415982c5e48\windows-amd64\native-platform.dll
0x00007ffe495b0000 - 0x00007ffe495ba000 	C:\Users\bianc\.vscode\extensions\redhat.java-1.53.0-win32-x64\jre\21.0.10-win32-x86_64\bin\management.dll
0x00007ffe403b0000 - 0x00007ffe403bc000 	C:\Users\bianc\.vscode\extensions\redhat.java-1.53.0-win32-x64\jre\21.0.10-win32-x86_64\bin\management_ext.dll
0x00007ffe3ace0000 - 0x00007ffe3ace8000 	C:\WINDOWS\system32\wshunix.dll
0x00007ffe7d4b0000 - 0x00007ffe7d4e6000 	C:\WINDOWS\SYSTEM32\ntmarta.dll

JVMTI agents:
c:\Users\bianc\.vscode\extensions\redhat.java-1.53.0-win32-x64\lombok\lombok-1.18.39-4050.jar path:c:\Users\bianc\.vscode\extensions\redhat.java-1.53.0-win32-x64\jre\21.0.10-win32-x86_64\bin\instrument.dll, loaded, initialized, instrumentlib options:none

dbghelp: loaded successfully - version: 4.0.5 - missing functions: none
symbol engine: initialized successfully - sym options: 0x614 - pdb path: .;c:\Users\bianc\.vscode\extensions\redhat.java-1.53.0-win32-x64\jre\21.0.10-win32-x86_64\bin;C:\WINDOWS\SYSTEM32;C:\WINDOWS\WinSxS\amd64_microsoft.windows.common-controls_6595b64144ccf1df_6.0.26100.7019_none_3e06ffa0e335b8a8;c:\Users\bianc\.vscode\extensions\redhat.java-1.53.0-win32-x64\jre\21.0.10-win32-x86_64\bin\server;C:\Users\bianc\AppData\Roaming\Code\User\globalStorage\redhat.java\1.53.0\config_win\org.eclipse.equinox.launcher\org.eclipse.equinox.launcher.win32.win32.x86_64_1.3.0.v20260203-2149;C:\Users\bianc\AppData\Local\Temp\jna-93729839;C:\Users\bianc\.gradle\native\c067742578af261105cb4f569cf0c3c89f3d7b1fecec35dd04571415982c5e48\windows-amd64

VM Arguments:
jvm_args: --add-modules=ALL-SYSTEM --add-opens=java.base/java.util=ALL-UNNAMED --add-opens=java.base/java.lang=ALL-UNNAMED --add-opens=java.base/sun.nio.fs=ALL-UNNAMED -Declipse.application=org.eclipse.jdt.ls.core.id1 -Dosgi.bundles.defaultStartLevel=4 -Declipse.product=org.eclipse.jdt.ls.core.product -Djava.import.generatesMetadataFilesAtProjectRoot=false -DDetectVMInstallationsJob.disabled=true -Dfile.encoding=utf8 -XX:+UseParallelGC -XX:GCTimeRatio=4 -XX:AdaptiveSizePolicyWeight=90 -Dsun.zip.disableMemoryMapping=true -Xmx2G -Xms100m -Xlog:disable -javaagent:c:\Users\bianc\.vscode\extensions\redhat.java-1.53.0-win32-x64\lombok\lombok-1.18.39-4050.jar -XX:+HeapDumpOnOutOfMemoryError -XX:HeapDumpPath=c:\Users\bianc\AppData\Roaming\Code\User\workspaceStorage\9a8ce8f87924501635f126b5aa5fb675\redhat.java -Daether.dependencyCollector.impl=bf 
java_command: c:\Users\bianc\.vscode\extensions\redhat.java-1.53.0-win32-x64\server\plugins\org.eclipse.equinox.launcher_1.7.100.v20251111-0406.jar -configuration c:\Users\bianc\AppData\Roaming\Code\User\globalStorage\redhat.java\1.53.0\config_win -data c:\Users\bianc\AppData\Roaming\Code\User\workspaceStorage\9a8ce8f87924501635f126b5aa5fb675\redhat.java\jdt_ws --pipe=\\.\pipe\lsp-5756ed6a7cdb5257c88579941570c05a-sock
java_class_path (initial): c:\Users\bianc\.vscode\extensions\redhat.java-1.53.0-win32-x64\server\plugins\org.eclipse.equinox.launcher_1.7.100.v20251111-0406.jar
Launcher Type: SUN_STANDARD

[Global flags]
    uintx AdaptiveSizePolicyWeight                 = 90                                        {product} {command line}
     intx CICompilerCount                          = 12                                        {product} {ergonomic}
    uintx GCTimeRatio                              = 4                                         {product} {command line}
     bool HeapDumpOnOutOfMemoryError               = true                                   {manageable} {command line}
    ccstr HeapDumpPath                             = c:\Users\bianc\AppData\Roaming\Code\User\workspaceStorage\9a8ce8f87924501635f126b5aa5fb675\redhat.java         {manageable} {command line}
   size_t InitialHeapSize                          = 104857600                                 {product} {command line}
   size_t MaxHeapSize                              = 2147483648                                {product} {command line}
   size_t MaxNewSize                               = 715653120                                 {product} {ergonomic}
   size_t MinHeapDeltaBytes                        = 524288                                    {product} {ergonomic}
   size_t MinHeapSize                              = 104857600                                 {product} {command line}
   size_t NewSize                                  = 34603008                                  {product} {ergonomic}
    uintx NonNMethodCodeHeapSize                   = 7602480                                {pd product} {ergonomic}
    uintx NonProfiledCodeHeapSize                  = 122027880                              {pd product} {ergonomic}
   size_t OldSize                                  = 70254592                                  {product} {ergonomic}
    uintx ProfiledCodeHeapSize                     = 122027880                              {pd product} {ergonomic}
    uintx ReservedCodeCacheSize                    = 251658240                              {pd product} {ergonomic}
     bool SegmentedCodeCache                       = true                                      {product} {ergonomic}
   size_t SoftMaxHeapSize                          = 2147483648                             {manageable} {ergonomic}
     bool UseCompressedOops                        = true                           {product lp64_product} {ergonomic}
     bool UseLargePagesIndividualAllocation        = false                                  {pd product} {ergonomic}
     bool UseParallelGC                            = true                                      {product} {command line}

Logging:
Log output configuration:
 #0: stdout all=off uptime,level,tags foldmultilines=false
 #1: stderr all=off uptime,level,tags foldmultilines=false

Release file:
JAVA_VERSION="21.0.10" 
MODULES="java.base java.compiler java.datatransfer java.xml java.prefs java.desktop java.instrument java.logging java.management java.security.sasl java.naming java.rmi java.management.rmi java.net.http java.scripting java.security.jgss java.transaction.xa java.sql java.sql.rowset java.xml.crypto java.se java.smartcardio jdk.accessibility jdk.internal.jvmstat jdk.attach jdk.charsets jdk.internal.opt jdk.zipfs jdk.compiler jdk.crypto.ec jdk.crypto.cryptoki jdk.crypto.mscapi jdk.dynalink jdk.internal.ed jdk.editpad jdk.hotspot.agent jdk.httpserver jdk.internal.le jdk.internal.vm.ci jdk.internal.vm.compiler jdk.internal.vm.compiler.management jdk.jartool jdk.javadoc jdk.jcmd jdk.management jdk.management.agent jdk.jconsole jdk.jdeps jdk.jdwp.agent jdk.jdi jdk.jfr jdk.jshell jdk.jsobject jdk.jstatd jdk.localedata jdk.management.jfr jdk.naming.dns jdk.naming.rmi jdk.net jdk.nio.mapmode jdk.random jdk.sctp jdk.security.auth jdk.security.jgss jdk.unsupported jdk.unsupported.desktop jdk.xml.dom" 

Environment Variables:
PATH=C:\Program Files\Common Files\Oracle\Java\javapath;C:\Windows\system32;C:\Windows;C:\Windows\System32\Wbem;C:\Windows\System32\WindowsPowerShell\v1.0\;C:\Windows\System32\OpenSSH\;C:\Program Files\dotnet\;C:\Program Files (x86)\NVIDIA Corporation\PhysX\Common;C:\WINDOWS\system32;C:\WINDOWS;C:\WINDOWS\System32\Wbem;C:\WINDOWS\System32\WindowsPowerShell\v1.0\;C:\WINDOWS\System32\OpenSSH\;C:\Program Files\nodejs\;C:\Program Files\Git\cmd;C:\Program Files\NVIDIA Corporation\NVIDIA App\NvDLISR;C:\Users\bianc\AppData\Local\Microsoft\WindowsApps;C:\Users\bianc\AppData\Roaming\npm;C:\Users\bianc\AppData\Local\Programs\Microsoft VS Code\bin;C:\flutter_windows_3.29.3-stable\flutter\bin;C:\Program Files\Git\cmd;C:\Users\bianc\AppData\Local\Pub\Cache\bin;C:\Program Files\Java\jdk-21\bin;C:\Program Files\PostgreSQL\18\bin;
USERNAME=bianc
OS=Windows_NT
PROCESSOR_IDENTIFIER=Intel64 Family 6 Model 154 Stepping 3, GenuineIntel
TMP=C:\Users\bianc\AppData\Local\Temp
TEMP=C:\Users\bianc\AppData\Local\Temp




Periodic native trim disabled

---------------  S Y S T E M  ---------------

OS:
 Windows 11 , 64 bit Build 26100 (10.0.26100.7019)
OS uptime: 1 days 2:13 hours
Hyper-V role detected

CPU: total 16 (initial active 16) (8 cores per cpu, 2 threads per core) family 6 model 154 stepping 3 microcode 0x437, cx8, cmov, fxsr, ht, mmx, 3dnowpref, sse, sse2, sse3, ssse3, sse4.1, sse4.2, popcnt, lzcnt, tsc, tscinvbit, avx, avx2, aes, erms, clmul, bmi1, bmi2, adx, sha, fma, vzeroupper, clflush, clflushopt, clwb, hv, serialize, rdtscp, rdpid, fsrm, f16c, cet_ibt, cet_ss
Processor Information for processor 0
  Max Mhz: 2500, Current Mhz: 2500, Mhz Limit: 2500
Processor Information for processor 1
  Max Mhz: 2500, Current Mhz: 2500, Mhz Limit: 2500
Processor Information for processor 2
  Max Mhz: 2500, Current Mhz: 2500, Mhz Limit: 2500
Processor Information for processor 3
  Max Mhz: 2500, Current Mhz: 2500, Mhz Limit: 2500
Processor Information for processor 4
  Max Mhz: 2500, Current Mhz: 2500, Mhz Limit: 2500
Processor Information for processor 5
  Max Mhz: 2500, Current Mhz: 2500, Mhz Limit: 2500
Processor Information for processor 6
  Max Mhz: 2500, Current Mhz: 2500, Mhz Limit: 2500
Processor Information for processor 7
  Max Mhz: 2500, Current Mhz: 2500, Mhz Limit: 2500
Processor Information for processor 8
  Max Mhz: 2500, Current Mhz: 1527, Mhz Limit: 2500
Processor Information for processor 9
  Max Mhz: 2500, Current Mhz: 1527, Mhz Limit: 2500
Processor Information for processor 10
  Max Mhz: 2500, Current Mhz: 1527, Mhz Limit: 2500
Processor Information for processor 11
  Max Mhz: 2500, Current Mhz: 1527, Mhz Limit: 2500
Processor Information for processor 12
  Max Mhz: 2500, Current Mhz: 2500, Mhz Limit: 2500
Processor Information for processor 13
  Max Mhz: 2500, Current Mhz: 2500, Mhz Limit: 2500
Processor Information for processor 14
  Max Mhz: 2500, Current Mhz: 2500, Mhz Limit: 2500
Processor Information for processor 15
  Max Mhz: 2500, Current Mhz: 1527, Mhz Limit: 2500

Memory: 4k page, system-wide physical 16068M (1618M free)
TotalPageFile size 43656M (AvailPageFile size 9M)
current process WorkingSet (physical memory assigned to process): 127M, peak: 361M
current process commit charge ("private bytes"): 430M, peak: 478M

vm_info: OpenJDK 64-Bit Server VM (21.0.10+7-LTS) for windows-amd64 JRE (21.0.10+7-LTS), built on 2026-01-20T00:00:00Z by "admin" with MS VC++ 17.12 (VS2022)

END.
